2023-03-13 16:47:05,195 - root - INFO - *****启动testAddTaskForm用例*****
2023-03-13 16:47:05,845 - root - INFO - test_taskForm_01:http://192.168.9.221:8086/taskForm/addTask
2023-03-13 16:47:05,846 - root - INFO - test_taskForm_01:ok
2023-03-13 16:47:05,846 - root - INFO - test_taskForm_01:200
2023-03-13 16:47:06,128 - root - INFO - *****启动testAddTaskForm用例*****
2023-03-13 16:47:12,710 - root - INFO - test_taskForm_02:http://192.168.9.221:8086/taskForm/addTask
2023-03-13 16:47:12,711 - root - INFO - test_taskForm_02:ok
2023-03-13 16:47:12,711 - root - INFO - test_taskForm_02:200
2023-03-13 16:47:12,726 - root - INFO - *****启动testAddTaskForm用例*****
2023-03-13 16:47:19,354 - root - INFO - test_taskForm_03:http://192.168.9.221:8086/taskForm/addTask
2023-03-13 16:47:19,355 - root - INFO - test_taskForm_03:ok
2023-03-13 16:47:19,355 - root - INFO - test_taskForm_03:200
2023-03-13 16:47:19,376 - root - INFO - *****启动testAddTaskForm用例*****
2023-03-13 16:47:25,973 - root - INFO - test_taskForm_04:http://192.168.9.221:8086/taskForm/addTask
2023-03-13 16:47:25,973 - root - INFO - test_taskForm_04:{"timestamp":"2023-03-13T08:47:26.023+0000","status":500,"error":"Internal Server Error","message":"Transaction rolled back because it has been marked as rollback-only","path":"/taskForm/addTask"}
2023-03-13 16:47:25,974 - root - INFO - test_taskForm_04:500
2023-03-13 16:47:25,992 - root - INFO - *****启动testAddChildTaskForm用例*****
2023-03-13 16:47:25,992 - root - INFO - *****启动DependData用例*****
2023-03-13 16:47:26,133 - root - INFO - get_request_key有点问题:test_taskForm_01
2023-03-13 16:47:26,175 - root - INFO - get_depend_response有点问题:test_taskForm_01
2023-03-13 16:47:26,720 - root - INFO - get_request_key有点问题:test_taskForm_00
2023-03-13 16:47:28,923 - root - INFO - get_depend_response有点问题:test_taskForm_05
2023-03-13 16:47:28,926 - root - INFO - *****启动testDelTaskForm用例*****
2023-03-13 16:47:29,348 - root - INFO - *****启动testSaveEditTaskForm用例*****
2023-03-13 16:47:29,349 - root - INFO - *****启动DependData用例*****
2023-03-13 16:47:29,461 - root - INFO - get_request_key有点问题:test_taskForm_01
2023-03-13 16:47:29,508 - root - INFO - get_depend_response有点问题:test_taskForm_01
2023-03-13 16:47:30,125 - root - INFO - get_request_key有点问题:test_taskForm_000
2023-03-13 16:47:32,040 - root - INFO - get_depend_response有点问题:test_taskForm_06
2023-03-13 16:47:32,043 - root - INFO - *****启动testSearchTaskForm用例*****
2023-03-13 16:47:32,069 - root - INFO - {'programmeEnclosure': [], 'handlerCheckSpareData': [], 'handler': ['3771'], 'handlerInfo': [{'id': '3771', 'name': '成语'}], 'outerType': 1, 'taskName': '测试父工单07@#￥%', 'relateSystemId': '', 'project': {'id': '321576', 'projectId': '321576', 'projectName': '（研究）产品体系管理', 'userId': '3771', 'createDate': '2022-11-02 15:37:56', 'available': 'true', 'projectIdList': [], 'regionCode': '', 'fullRegions': []}, 'projectId': '321576', 'projectName': '（研究）产品体系管理', 'tags': [], 'taskType': 1, 'questionType': '', 'areaArr': [], 'feedbackPerson': '', 'handlerName': '成语', 'handlerId': '3771', 'startTime': '2022-11-04', 'endTime': '2022-11-04', 'priority': 3, 'predictTime': 8, 'taskIntergral': 0, 'description': '', 'fileName': '[]', 'filePath': '[]', 'schemeName': '[]', 'schemePath': '[]', 'isSupport': '0', 'product': '', 'skillType': '', 'skillScope': '', 'firstDeptId': '921', 'secondDeptId': '10641', 'disposeTypeArr': [], 'workTypeArr': [], 'complexcount': '', 'autolog': 'false', 'autoquestion': 'false', 'productZt': '', 'version': '', 'status': 3, 'questionPerson': '', 'questionPersonId': '', 'feedbackTelphone': '', 'serviceInfo': '', 'browser': '', 'actualTime': '', 'questionOption': '', 'questionOptions': '[]', 'productId': '', 'versionId': ''}
2023-03-13 16:47:32,070 - root - INFO - /taskForm/addTask
2023-03-13 16:47:32,608 - root - INFO - http://192.168.9.221:8086/taskForm/addTask?handler=3771&handlerInfo=id&handlerInfo=name&outerType=1&taskName=%E6%B5%8B%E8%AF%95%E7%88%B6%E5%B7%A5%E5%8D%9507%40%23%EF%BF%A5%25&relateSystemId=&project=id&project=projectId&project=projectName&project=userId&project=createDate&project=available&project=projectIdList&project=regionCode&project=fullRegions&projectId=321576&projectName=%EF%BC%88%E7%A0%94%E7%A9%B6%EF%BC%89%E4%BA%A7%E5%93%81%E4%BD%93%E7%B3%BB%E7%AE%A1%E7%90%86&taskType=1&questionType=&feedbackPerson=&handlerName=%E6%88%90%E8%AF%AD&handlerId=3771&startTime=2022-11-04&endTime=2022-11-04&priority=3&predictTime=8&taskIntergral=0&description=&fileName=%5B%5D&filePath=%5B%5D&schemeName=%5B%5D&schemePath=%5B%5D&isSupport=0&product=&skillType=&skillScope=&firstDeptId=921&secondDeptId=10641&complexcount=&autolog=false&autoquestion=false&productZt=&version=&status=3&questionPerson=&questionPersonId=&feedbackTelphone=&serviceInfo=&browser=&actualTime=&questionOption=&questionOptions=%5B%5D&productId=&versionId=
2023-03-13 16:47:32,608 - root - INFO - {"timestamp":"2023-03-13T08:47:32.659+0000","status":405,"error":"Method Not Allowed","message":"Request method 'GET' not supported","path":"/taskForm/addTask"}
2023-03-13 16:47:32,608 - root - INFO - <Response [405]>
2023-03-13 16:47:32,608 - root - INFO - 失败!
2023-03-13 16:47:32,611 - root - INFO - *****启动testSendBackTask用例*****
2023-03-13 16:47:32,611 - root - INFO - *****启动DependData用例*****
2023-03-13 16:47:32,717 - root - INFO - get_request_key有点问题:test_taskForm_01
2023-03-13 16:47:32,755 - root - INFO - get_depend_response有点问题:test_taskForm_01
2023-03-13 16:47:33,412 - root - INFO - get_request_key有点问题:test_taskForm_00
2023-03-13 16:47:35,352 - root - INFO - get_depend_response有点问题:test_taskForm_12
2023-03-13 16:47:35,355 - root - INFO - *****启动testSubmitAssignTaskForm用例*****
2023-03-13 16:47:35,356 - root - INFO - *****启动DependData用例*****
2023-03-13 16:47:35,496 - root - INFO - get_request_key有点问题:test_taskForm_01
2023-03-13 16:47:35,549 - root - INFO - get_depend_response有点问题:test_taskForm_01
2023-03-13 16:47:36,136 - root - INFO - get_request_key有点问题:test_taskForm_00
2023-03-13 16:47:38,029 - root - INFO - get_depend_response有点问题:test_taskForm_08
2023-03-13 16:47:38,032 - root - INFO - *****启动testSubmitEvaluateTaskForm用例*****
2023-03-13 16:47:38,033 - root - INFO - *****启动DependData用例*****
2023-03-13 16:47:38,200 - root - INFO - get_request_key有点问题:test_taskForm_01
2023-03-13 16:47:38,252 - root - INFO - get_depend_response有点问题:test_taskForm_01
2023-03-13 16:47:38,823 - root - INFO - get_request_key有点问题:test_taskForm_00
2023-03-13 16:47:40,647 - root - INFO - get_depend_response有点问题:test_taskForm_09
2023-03-13 16:47:40,651 - root - INFO - *****启动testSubmitLogTaskForm用例*****
2023-03-13 16:47:40,652 - root - INFO - *****启动DependData用例*****
2023-03-13 16:47:40,765 - root - INFO - get_request_key有点问题:test_taskForm_01
2023-03-13 16:47:40,804 - root - INFO - get_depend_response有点问题:test_taskForm_01
2023-03-13 16:47:41,438 - root - INFO - get_request_key有点问题:test_taskForm_00
2023-03-13 16:47:43,540 - root - INFO - get_depend_response有点问题:test_taskForm_07
2023-03-13 16:47:43,544 - root - INFO - *****启动testSubmitProcessFeedback用例*****
2023-03-13 16:47:43,545 - root - INFO - *****启动DependData用例*****
2023-03-13 16:47:43,662 - root - INFO - get_request_key有点问题:test_taskForm_01
2023-03-13 16:47:43,704 - root - INFO - get_depend_response有点问题:test_taskForm_01
2023-03-13 16:47:44,273 - root - INFO - get_request_key有点问题:test_taskForm_00
2023-03-13 16:47:46,137 - root - INFO - get_depend_response有点问题:test_taskForm_10
2023-03-13 16:47:46,140 - root - INFO - *****启动testSubmitSendUser用例*****
2023-03-13 16:47:46,141 - root - INFO - *****启动DependData用例*****
2023-03-13 16:47:46,239 - root - INFO - get_request_key有点问题:test_taskForm_01
2023-03-13 16:47:46,282 - root - INFO - get_depend_response有点问题:test_taskForm_01
2023-03-13 16:47:46,867 - root - INFO - get_request_key有点问题:test_taskForm_00
2023-03-13 16:47:48,990 - root - INFO - get_depend_response有点问题:test_taskForm_11
