2023-03-14 16:03:52,692 - root - INFO - *****启动testAddTaskForm用例*****
2023-03-14 16:03:53,522 - root - INFO - test_taskForm_01:http://192.168.9.221:8086/taskForm/addTask
2023-03-14 16:03:53,523 - root - INFO - test_taskForm_01:ok
2023-03-14 16:03:53,523 - root - INFO - test_taskForm_01:200
2023-03-14 16:03:53,765 - root - INFO - *****启动testAddTaskForm用例*****
2023-03-14 16:04:00,428 - root - INFO - test_taskForm_02:http://192.168.9.221:8086/taskForm/addTask
2023-03-14 16:04:00,429 - root - INFO - test_taskForm_02:ok
2023-03-14 16:04:00,429 - root - INFO - test_taskForm_02:200
2023-03-14 16:04:00,457 - root - INFO - *****启动testAddTaskForm用例*****
2023-03-14 16:04:07,295 - root - INFO - test_taskForm_03:http://192.168.9.221:8086/taskForm/addTask
2023-03-14 16:04:07,295 - root - INFO - test_taskForm_03:ok
2023-03-14 16:04:07,295 - root - INFO - test_taskForm_03:200
2023-03-14 16:04:07,303 - root - INFO - *****启动testAddTaskForm用例*****
2023-03-14 16:04:13,948 - root - INFO - test_taskForm_04:http://192.168.9.221:8086/taskForm/addTask
2023-03-14 16:04:13,948 - root - INFO - test_taskForm_04:{"timestamp":"2023-03-14T08:04:14.244+0000","status":500,"error":"Internal Server Error","message":"Transaction rolled back because it has been marked as rollback-only","path":"/taskForm/addTask"}
2023-03-14 16:04:13,949 - root - INFO - test_taskForm_04:500
2023-03-14 16:04:13,973 - root - INFO - *****启动testAddChildTaskForm用例*****
2023-03-14 16:04:13,974 - root - INFO - *****启动DependData用例*****
2023-03-14 16:04:14,108 - root - INFO - get_request_key有点问题:test_taskForm_01
2023-03-14 16:04:14,144 - root - INFO - get_depend_response有点问题:test_taskForm_01
2023-03-14 16:04:14,984 - root - INFO - get_request_key有点问题:test_taskForm_00
2023-03-14 16:04:17,177 - root - INFO - get_depend_response有点问题:test_taskForm_05
2023-03-14 16:04:17,180 - root - INFO - *****启动testDelTaskForm用例*****
2023-03-14 16:04:17,347 - root - INFO - *****启动testSaveEditTaskForm用例*****
2023-03-14 16:04:17,347 - root - INFO - *****启动DependData用例*****
2023-03-14 16:04:17,443 - root - INFO - get_request_key有点问题:test_taskForm_01
2023-03-14 16:04:17,484 - root - INFO - get_depend_response有点问题:test_taskForm_01
2023-03-14 16:04:18,280 - root - INFO - get_request_key有点问题:test_taskForm_000
2023-03-14 16:04:19,004 - root - INFO - *****启动testSearchTaskForm用例*****
2023-03-14 16:04:19,034 - root - INFO - {'programmeEnclosure': [], 'handlerCheckSpareData': [], 'handler': ['3771'], 'handlerInfo': [{'id': '3771', 'name': '成语'}], 'outerType': 1, 'taskName': '测试父工单07@#￥%', 'relateSystemId': '', 'project': {'id': '321576', 'projectId': '321576', 'projectName': '（研究）产品体系管理', 'userId': '3771', 'createDate': '2022-11-02 15:37:56', 'available': 'true', 'projectIdList': [], 'regionCode': '', 'fullRegions': []}, 'projectId': '321576', 'projectName': '（研究）产品体系管理', 'tags': [], 'taskType': 1, 'questionType': '', 'areaArr': [], 'feedbackPerson': '', 'handlerName': '成语', 'handlerId': '3771', 'startTime': '2022-11-04', 'endTime': '2022-11-04', 'priority': 3, 'predictTime': 8, 'taskIntergral': 0, 'description': '', 'fileName': '[]', 'filePath': '[]', 'schemeName': '[]', 'schemePath': '[]', 'isSupport': '0', 'product': '', 'skillType': '', 'skillScope': '', 'firstDeptId': '921', 'secondDeptId': '10641', 'disposeTypeArr': [], 'workTypeArr': [], 'complexcount': '', 'autolog': 'false', 'autoquestion': 'false', 'productZt': '', 'version': '', 'status': 3, 'questionPerson': '', 'questionPersonId': '', 'feedbackTelphone': '', 'serviceInfo': '', 'browser': '', 'actualTime': '', 'questionOption': '', 'questionOptions': '[]', 'productId': '', 'versionId': ''}
2023-03-14 16:04:19,034 - root - INFO - /taskForm/addTask
2023-03-14 16:04:19,814 - root - INFO - http://192.168.9.221:8086/taskForm/addTask?handler=3771&handlerInfo=id&handlerInfo=name&outerType=1&taskName=%E6%B5%8B%E8%AF%95%E7%88%B6%E5%B7%A5%E5%8D%9507%40%23%EF%BF%A5%25&relateSystemId=&project=id&project=projectId&project=projectName&project=userId&project=createDate&project=available&project=projectIdList&project=regionCode&project=fullRegions&projectId=321576&projectName=%EF%BC%88%E7%A0%94%E7%A9%B6%EF%BC%89%E4%BA%A7%E5%93%81%E4%BD%93%E7%B3%BB%E7%AE%A1%E7%90%86&taskType=1&questionType=&feedbackPerson=&handlerName=%E6%88%90%E8%AF%AD&handlerId=3771&startTime=2022-11-04&endTime=2022-11-04&priority=3&predictTime=8&taskIntergral=0&description=&fileName=%5B%5D&filePath=%5B%5D&schemeName=%5B%5D&schemePath=%5B%5D&isSupport=0&product=&skillType=&skillScope=&firstDeptId=921&secondDeptId=10641&complexcount=&autolog=false&autoquestion=false&productZt=&version=&status=3&questionPerson=&questionPersonId=&feedbackTelphone=&serviceInfo=&browser=&actualTime=&questionOption=&questionOptions=%5B%5D&productId=&versionId=
2023-03-14 16:04:19,814 - root - INFO - {"timestamp":"2023-03-14T08:04:20.112+0000","status":405,"error":"Method Not Allowed","message":"Request method 'GET' not supported","path":"/taskForm/addTask"}
2023-03-14 16:04:19,814 - root - INFO - <Response [405]>
2023-03-14 16:04:19,815 - root - INFO - 失败!
2023-03-14 16:04:19,818 - root - INFO - *****启动testSendBackTask用例*****
2023-03-14 16:04:19,818 - root - INFO - *****启动DependData用例*****
2023-03-14 16:04:19,923 - root - INFO - get_request_key有点问题:test_taskForm_01
2023-03-14 16:04:19,969 - root - INFO - get_depend_response有点问题:test_taskForm_01
2023-03-14 16:04:20,617 - root - INFO - get_request_key有点问题:test_taskForm_00
2023-03-14 16:04:22,729 - root - INFO - get_depend_response有点问题:test_taskForm_12
2023-03-14 16:04:22,732 - root - INFO - *****启动testSubmitAssignTaskForm用例*****
2023-03-14 16:04:22,733 - root - INFO - *****启动DependData用例*****
2023-03-14 16:04:22,836 - root - INFO - get_request_key有点问题:test_taskForm_01
2023-03-14 16:04:22,874 - root - INFO - get_depend_response有点问题:test_taskForm_01
2023-03-14 16:04:23,763 - root - INFO - get_request_key有点问题:test_taskForm_00
2023-03-14 16:04:25,666 - root - INFO - get_depend_response有点问题:test_taskForm_08
2023-03-14 16:04:25,670 - root - INFO - *****启动testSubmitEvaluateTaskForm用例*****
2023-03-14 16:04:25,671 - root - INFO - *****启动DependData用例*****
2023-03-14 16:04:25,789 - root - INFO - get_request_key有点问题:test_taskForm_01
2023-03-14 16:04:25,831 - root - INFO - get_depend_response有点问题:test_taskForm_01
2023-03-14 16:04:26,419 - root - INFO - get_request_key有点问题:test_taskForm_00
2023-03-14 16:04:29,076 - root - INFO - get_depend_response有点问题:test_taskForm_09
2023-03-14 16:04:29,081 - root - INFO - *****启动testSubmitLogTaskForm用例*****
2023-03-14 16:04:29,082 - root - INFO - *****启动DependData用例*****
2023-03-14 16:04:29,210 - root - INFO - get_request_key有点问题:test_taskForm_01
2023-03-14 16:04:29,248 - root - INFO - get_depend_response有点问题:test_taskForm_01
2023-03-14 16:04:30,042 - root - INFO - get_request_key有点问题:test_taskForm_00
2023-03-14 16:04:32,517 - root - INFO - get_depend_response有点问题:test_taskForm_07
2023-03-14 16:04:32,520 - root - INFO - *****启动testSubmitProcessFeedback用例*****
2023-03-14 16:04:32,521 - root - INFO - *****启动DependData用例*****
2023-03-14 16:04:32,633 - root - INFO - get_request_key有点问题:test_taskForm_01
2023-03-14 16:04:32,668 - root - INFO - get_depend_response有点问题:test_taskForm_01
2023-03-14 16:04:33,472 - root - INFO - get_request_key有点问题:test_taskForm_00
2023-03-14 16:04:33,970 - root - INFO - *****启动testSubmitSendUser用例*****
2023-03-14 16:04:33,971 - root - INFO - *****启动DependData用例*****
2023-03-14 16:04:34,081 - root - INFO - get_request_key有点问题:test_taskForm_01
2023-03-14 16:04:34,117 - root - INFO - get_depend_response有点问题:test_taskForm_01
2023-03-14 16:04:34,857 - root - INFO - get_request_key有点问题:test_taskForm_00
2023-03-14 16:04:37,472 - root - INFO - get_depend_response有点问题:test_taskForm_11
