2023-03-07 14:24:51,696 - root - INFO - ********开始测试********
2023-03-07 14:24:52,111 - root - INFO - *****启动testAddTaskForm用例*****
2023-03-07 14:24:52,720 - root - INFO - test_taskForm_01:http://192.168.9.221:8086/taskForm/addTask
2023-03-07 14:24:52,721 - root - INFO - test_taskForm_01:ok
2023-03-07 14:24:52,721 - root - INFO - test_taskForm_01:200
2023-03-07 14:24:52,722 - root - INFO - 新增父工单成功!
2023-03-07 14:24:52,722 - root - INFO - *****启动testAddTaskForm用例*****
2023-03-07 14:24:59,273 - root - INFO - test_taskForm_02:http://192.168.9.221:8086/taskForm/addTask
2023-03-07 14:24:59,274 - root - INFO - test_taskForm_02:ok
2023-03-07 14:24:59,274 - root - INFO - test_taskForm_02:200
2023-03-07 14:24:59,307 - root - INFO - *****启动testAddTaskForm用例*****
2023-03-07 14:25:05,876 - root - INFO - test_taskForm_03:http://192.168.9.221:8086/taskForm/addTask
2023-03-07 14:25:05,876 - root - INFO - test_taskForm_03:ok
2023-03-07 14:25:05,877 - root - INFO - test_taskForm_03:200
2023-03-07 14:25:05,877 - root - INFO - *****启动testAddTaskForm用例*****
2023-03-07 14:25:12,445 - root - INFO - test_taskForm_04:http://192.168.9.221:8086/taskForm/addTask
2023-03-07 14:25:12,445 - root - INFO - test_taskForm_04:{"timestamp":"2023-03-07T06:25:12.722+0000","status":500,"error":"Internal Server Error","message":"Transaction rolled back because it has been marked as rollback-only","path":"/taskForm/addTask"}
2023-03-07 14:25:12,446 - root - INFO - test_taskForm_04:500
2023-03-07 14:25:12,446 - root - INFO - 必填项taskName长度超出255字符限制:测试成功
2023-03-07 14:25:12,446 - root - INFO - *****启动testAddChildTaskForm用例*****
2023-03-07 14:25:12,446 - root - INFO - *****启动DependData用例*****
2023-03-07 14:25:12,559 - root - INFO - get_request_key有点问题:test_taskForm_01
2023-03-07 14:25:12,595 - root - INFO - get_depend_response有点问题:test_taskForm_01
2023-03-07 14:25:13,237 - root - INFO - get_request_key有点问题:test_taskForm_00
2023-03-07 14:25:13,720 - root - INFO - *****启动testSearchTaskForm用例*****
2023-03-07 14:25:13,747 - root - INFO - {'programmeEnclosure': [], 'handlerCheckSpareData': [], 'handler': ['3771'], 'handlerInfo': [{'id': '3771', 'name': '成语'}], 'outerType': 1, 'taskName': '测试父工单07@#￥%', 'relateSystemId': '', 'project': {'id': '321576', 'projectId': '321576', 'projectName': '（研究）产品体系管理', 'userId': '3771', 'createDate': '2022-11-02 15:37:56', 'available': 'true', 'projectIdList': [], 'regionCode': '', 'fullRegions': []}, 'projectId': '321576', 'projectName': '（研究）产品体系管理', 'tags': [], 'taskType': 1, 'questionType': '', 'areaArr': [], 'feedbackPerson': '', 'handlerName': '成语', 'handlerId': '3771', 'startTime': '2022-11-04', 'endTime': '2022-11-04', 'priority': 3, 'predictTime': 8, 'taskIntergral': 0, 'description': '', 'fileName': '[]', 'filePath': '[]', 'schemeName': '[]', 'schemePath': '[]', 'isSupport': '0', 'product': '', 'skillType': '', 'skillScope': '', 'firstDeptId': '921', 'secondDeptId': '10641', 'disposeTypeArr': [], 'workTypeArr': [], 'complexcount': '', 'autolog': 'false', 'autoquestion': 'false', 'productZt': '', 'version': '', 'status': 3, 'questionPerson': '', 'questionPersonId': '', 'feedbackTelphone': '', 'serviceInfo': '', 'browser': '', 'actualTime': '', 'questionOption': '', 'questionOptions': '[]', 'productId': '', 'versionId': ''}
2023-03-07 14:25:13,747 - root - INFO - /taskForm/addTask
2023-03-07 14:25:14,297 - root - INFO - http://192.168.9.221:8086/taskForm/addTask?handler=3771&handlerInfo=id&handlerInfo=name&outerType=1&taskName=%E6%B5%8B%E8%AF%95%E7%88%B6%E5%B7%A5%E5%8D%9507%40%23%EF%BF%A5%25&relateSystemId=&project=id&project=projectId&project=projectName&project=userId&project=createDate&project=available&project=projectIdList&project=regionCode&project=fullRegions&projectId=321576&projectName=%EF%BC%88%E7%A0%94%E7%A9%B6%EF%BC%89%E4%BA%A7%E5%93%81%E4%BD%93%E7%B3%BB%E7%AE%A1%E7%90%86&taskType=1&questionType=&feedbackPerson=&handlerName=%E6%88%90%E8%AF%AD&handlerId=3771&startTime=2022-11-04&endTime=2022-11-04&priority=3&predictTime=8&taskIntergral=0&description=&fileName=%5B%5D&filePath=%5B%5D&schemeName=%5B%5D&schemePath=%5B%5D&isSupport=0&product=&skillType=&skillScope=&firstDeptId=921&secondDeptId=10641&complexcount=&autolog=false&autoquestion=false&productZt=&version=&status=3&questionPerson=&questionPersonId=&feedbackTelphone=&serviceInfo=&browser=&actualTime=&questionOption=&questionOptions=%5B%5D&productId=&versionId=
2023-03-07 14:25:14,298 - root - INFO - {"timestamp":"2023-03-07T06:25:14.575+0000","status":405,"error":"Method Not Allowed","message":"Request method 'GET' not supported","path":"/taskForm/addTask"}
2023-03-07 14:25:14,298 - root - INFO - <Response [405]>
2023-03-07 14:25:14,298 - root - INFO - 失败!
2023-03-07 14:25:14,299 - root - INFO - *****启动testSendBackTask用例*****
2023-03-07 14:25:14,300 - root - INFO - *****启动DependData用例*****
2023-03-07 14:25:14,429 - root - INFO - get_request_key有点问题:test_taskForm_01
2023-03-07 14:25:14,472 - root - INFO - get_depend_response有点问题:test_taskForm_01
2023-03-07 14:25:15,027 - root - INFO - get_request_key有点问题:test_taskForm_00
2023-03-07 14:25:16,988 - root - INFO - get_depend_response有点问题:test_taskForm_12
2023-03-07 14:25:16,990 - root - INFO - *****启动testSubmitAssignTaskForm用例*****
2023-03-07 14:25:16,990 - root - INFO - *****启动DependData用例*****
2023-03-07 14:25:17,104 - root - INFO - get_request_key有点问题:test_taskForm_01
2023-03-07 14:25:17,155 - root - INFO - get_depend_response有点问题:test_taskForm_01
2023-03-07 14:25:17,666 - root - INFO - get_request_key有点问题:test_taskForm_00
2023-03-07 14:25:19,668 - root - INFO - get_depend_response有点问题:test_taskForm_08
2023-03-07 14:25:19,669 - root - INFO - *****启动testSubmitEvaluateTaskForm用例*****
2023-03-07 14:25:19,669 - root - INFO - *****启动DependData用例*****
2023-03-07 14:25:19,776 - root - INFO - get_request_key有点问题:test_taskForm_01
2023-03-07 14:25:19,811 - root - INFO - get_depend_response有点问题:test_taskForm_01
2023-03-07 14:25:20,346 - root - INFO - get_request_key有点问题:test_taskForm_00
2023-03-07 14:25:22,233 - root - INFO - get_depend_response有点问题:test_taskForm_09
2023-03-07 14:25:22,234 - root - INFO - *****启动testSubmitLogTaskForm用例*****
2023-03-07 14:25:22,234 - root - INFO - *****启动DependData用例*****
2023-03-07 14:25:22,334 - root - INFO - get_request_key有点问题:test_taskForm_01
2023-03-07 14:25:22,373 - root - INFO - get_depend_response有点问题:test_taskForm_01
2023-03-07 14:25:22,901 - root - INFO - get_request_key有点问题:test_taskForm_00
2023-03-07 14:25:24,339 - root - INFO - get_depend_response有点问题:test_taskForm_07
2023-03-07 14:25:24,341 - root - INFO - *****启动testSubmitProcessFeedback用例*****
2023-03-07 14:25:24,341 - root - INFO - *****启动DependData用例*****
2023-03-07 14:25:24,449 - root - INFO - get_request_key有点问题:test_taskForm_01
2023-03-07 14:25:24,489 - root - INFO - get_depend_response有点问题:test_taskForm_01
2023-03-07 14:25:25,051 - root - INFO - get_request_key有点问题:test_taskForm_00
2023-03-07 14:25:26,928 - root - INFO - get_depend_response有点问题:test_taskForm_10
2023-03-07 14:25:26,929 - root - INFO - *****启动testSubmitSendUser用例*****
2023-03-07 14:25:26,929 - root - INFO - *****启动DependData用例*****
2023-03-07 14:25:27,029 - root - INFO - get_request_key有点问题:test_taskForm_01
2023-03-07 14:25:27,080 - root - INFO - get_depend_response有点问题:test_taskForm_01
2023-03-07 14:25:27,601 - root - INFO - get_request_key有点问题:test_taskForm_00
2023-03-07 14:25:29,047 - root - INFO - get_depend_response有点问题:test_taskForm_11
2023-03-07 14:25:29,048 - root - INFO - *****启动testSaveEditTaskForm用例*****
2023-03-07 14:25:29,048 - root - INFO - *****启动DependData用例*****
2023-03-07 14:25:29,193 - root - INFO - get_request_key有点问题:test_taskForm_01
2023-03-07 14:25:29,233 - root - INFO - get_depend_response有点问题:test_taskForm_01
2023-03-07 14:25:29,804 - root - INFO - get_request_key有点问题:test_taskForm_000
2023-03-07 14:25:31,725 - root - INFO - get_depend_response有点问题:test_taskForm_06
2023-03-07 14:25:31,726 - root - INFO - *****启动testAddTask用例*****
2023-03-07 14:25:31,769 - root - INFO - {'productId': 'fa5ca175-6d42-449f-8073-b9361a2e493c', 'versionId': 'b3f7c0eb-f8a0-456c-9836-e75a9ce04879', 'taskName': 'test测试任务we', 'number': '130', 'requireId': '', 'requires': [], 'project': {'id': '9675', 'projectName': '绩效考核系统'}, 'projectId': '9675', 'projectName': '绩效考核系统', 'tags': [], 'inputVisible': 'false', 'inputValue': '', 'taskType': 3, 'handlerId': '3771', 'persons': [], 'moduleId': '', 'moduleName': '', 'modules': [], 'startTime': '2023-02-01', 'endTime': '2023-02-16', 'priority': 3, 'taskIntergral': 0, 'complexCount': '', 'complexWeight': 40, 'urgencyCount': '', 'urgencyWeight': 30, 'innovateCount': '', 'innovateWeight': 30, 'levels': [{'value': 1, 'label': '紧急'}, {'value': 2, 'label': '高'}, {'value': 3, 'label': '中'}, {'value': 4, 'label': '低'}], 'predictTime': '12', 'description': '<p>二七王二驱蚊器</p>', 'fileName': '["1.docx"]', 'filePath': '["/yftx/task/1dea0d26-844a-4a8d-b65c-28f54549c31f.docx"]'}
2023-03-07 14:25:31,770 - root - INFO - /task/addTask
2023-03-07 14:25:32,448 - root - INFO - http://192.168.9.221:8086/task/addTask
2023-03-07 14:25:32,448 - root - INFO - {"timestamp":"2023-03-07T06:25:32.726+0000","status":500,"error":"Internal Server Error","message":"Transaction rolled back because it has been marked as rollback-only","path":"/task/addTask"}
2023-03-07 14:25:32,448 - root - INFO - <Response [500]>
2023-03-07 14:25:32,448 - root - INFO - 新增失败!
2023-03-07 14:25:32,448 - root - INFO - *****启动testAddRequire用例*****
2023-03-07 14:25:32,589 - root - INFO - <Response [200]>
2023-03-07 14:25:32,589 - root - INFO - 新增成功!
2023-03-07 14:25:32,589 - root - INFO - *****启动testDelayRequire用例*****
2023-03-07 14:25:32,646 - root - INFO - <Response [200]>
2023-03-07 14:25:32,646 - root - INFO - 延期成功!
2023-03-07 14:25:32,650 - root - INFO - *********测试结束*********
2023-03-07 14:25:33,106 - root - INFO - The test report has send to developer by email.
2023-03-07 14:25:33,106 - root - INFO - 已发送邮件
