2023-03-13 16:56:22,130 - root - INFO - *****启动testAddTaskForm用例*****
2023-03-13 16:56:22,784 - root - INFO - test_taskForm_01:http://192.168.9.221:8086/taskForm/addTask
2023-03-13 16:56:22,785 - root - INFO - test_taskForm_01:ok
2023-03-13 16:56:22,785 - root - INFO - test_taskForm_01:200
2023-03-13 16:56:23,093 - root - INFO - *****启动testAddTaskForm用例*****
2023-03-13 16:56:29,712 - root - INFO - test_taskForm_02:http://192.168.9.221:8086/taskForm/addTask
2023-03-13 16:56:29,713 - root - INFO - test_taskForm_02:ok
2023-03-13 16:56:29,713 - root - INFO - test_taskForm_02:200
2023-03-13 16:56:29,727 - root - INFO - *****启动testAddTaskForm用例*****
2023-03-13 16:56:36,289 - root - INFO - test_taskForm_03:http://192.168.9.221:8086/taskForm/addTask
2023-03-13 16:56:36,290 - root - INFO - test_taskForm_03:ok
2023-03-13 16:56:36,291 - root - INFO - test_taskForm_03:200
2023-03-13 16:56:36,308 - root - INFO - *****启动testAddTaskForm用例*****
2023-03-13 16:56:42,925 - root - INFO - test_taskForm_04:http://192.168.9.221:8086/taskForm/addTask
2023-03-13 16:56:42,926 - root - INFO - test_taskForm_04:{"timestamp":"2023-03-13T08:56:42.977+0000","status":500,"error":"Internal Server Error","message":"Transaction rolled back because it has been marked as rollback-only","path":"/taskForm/addTask"}
2023-03-13 16:56:42,927 - root - INFO - test_taskForm_04:500
2023-03-13 16:56:42,950 - root - INFO - *****启动testAddChildTaskForm用例*****
2023-03-13 16:56:42,951 - root - INFO - *****启动DependData用例*****
2023-03-13 16:56:43,092 - root - INFO - get_request_key有点问题:test_taskForm_01
2023-03-13 16:56:43,129 - root - INFO - get_depend_response有点问题:test_taskForm_01
2023-03-13 16:56:43,661 - root - INFO - get_request_key有点问题:test_taskForm_00
2023-03-13 16:56:45,608 - root - INFO - get_depend_response有点问题:test_taskForm_05
2023-03-13 16:56:45,611 - root - INFO - *****启动testDelTaskForm用例*****
2023-03-13 16:56:45,795 - root - INFO - *****启动testSaveEditTaskForm用例*****
2023-03-13 16:56:45,795 - root - INFO - *****启动DependData用例*****
2023-03-13 16:56:45,933 - root - INFO - get_request_key有点问题:test_taskForm_01
2023-03-13 16:56:45,981 - root - INFO - get_depend_response有点问题:test_taskForm_01
2023-03-13 16:56:46,733 - root - INFO - get_request_key有点问题:test_taskForm_000
2023-03-13 16:56:48,519 - root - INFO - get_depend_response有点问题:test_taskForm_06
2023-03-13 16:56:48,521 - root - INFO - *****启动testSearchTaskForm用例*****
2023-03-13 16:56:48,541 - root - INFO - {'programmeEnclosure': [], 'handlerCheckSpareData': [], 'handler': ['3771'], 'handlerInfo': [{'id': '3771', 'name': '成语'}], 'outerType': 1, 'taskName': '测试父工单07@#￥%', 'relateSystemId': '', 'project': {'id': '321576', 'projectId': '321576', 'projectName': '（研究）产品体系管理', 'userId': '3771', 'createDate': '2022-11-02 15:37:56', 'available': 'true', 'projectIdList': [], 'regionCode': '', 'fullRegions': []}, 'projectId': '321576', 'projectName': '（研究）产品体系管理', 'tags': [], 'taskType': 1, 'questionType': '', 'areaArr': [], 'feedbackPerson': '', 'handlerName': '成语', 'handlerId': '3771', 'startTime': '2022-11-04', 'endTime': '2022-11-04', 'priority': 3, 'predictTime': 8, 'taskIntergral': 0, 'description': '', 'fileName': '[]', 'filePath': '[]', 'schemeName': '[]', 'schemePath': '[]', 'isSupport': '0', 'product': '', 'skillType': '', 'skillScope': '', 'firstDeptId': '921', 'secondDeptId': '10641', 'disposeTypeArr': [], 'workTypeArr': [], 'complexcount': '', 'autolog': 'false', 'autoquestion': 'false', 'productZt': '', 'version': '', 'status': 3, 'questionPerson': '', 'questionPersonId': '', 'feedbackTelphone': '', 'serviceInfo': '', 'browser': '', 'actualTime': '', 'questionOption': '', 'questionOptions': '[]', 'productId': '', 'versionId': ''}
2023-03-13 16:56:48,541 - root - INFO - /taskForm/addTask
2023-03-13 16:56:49,019 - root - INFO - http://192.168.9.221:8086/taskForm/addTask?handler=3771&handlerInfo=id&handlerInfo=name&outerType=1&taskName=%E6%B5%8B%E8%AF%95%E7%88%B6%E5%B7%A5%E5%8D%9507%40%23%EF%BF%A5%25&relateSystemId=&project=id&project=projectId&project=projectName&project=userId&project=createDate&project=available&project=projectIdList&project=regionCode&project=fullRegions&projectId=321576&projectName=%EF%BC%88%E7%A0%94%E7%A9%B6%EF%BC%89%E4%BA%A7%E5%93%81%E4%BD%93%E7%B3%BB%E7%AE%A1%E7%90%86&taskType=1&questionType=&feedbackPerson=&handlerName=%E6%88%90%E8%AF%AD&handlerId=3771&startTime=2022-11-04&endTime=2022-11-04&priority=3&predictTime=8&taskIntergral=0&description=&fileName=%5B%5D&filePath=%5B%5D&schemeName=%5B%5D&schemePath=%5B%5D&isSupport=0&product=&skillType=&skillScope=&firstDeptId=921&secondDeptId=10641&complexcount=&autolog=false&autoquestion=false&productZt=&version=&status=3&questionPerson=&questionPersonId=&feedbackTelphone=&serviceInfo=&browser=&actualTime=&questionOption=&questionOptions=%5B%5D&productId=&versionId=
2023-03-13 16:56:49,020 - root - INFO - {"timestamp":"2023-03-13T08:56:49.073+0000","status":405,"error":"Method Not Allowed","message":"Request method 'GET' not supported","path":"/taskForm/addTask"}
2023-03-13 16:56:49,020 - root - INFO - <Response [405]>
2023-03-13 16:56:49,020 - root - INFO - 失败!
2023-03-13 16:56:49,023 - root - INFO - *****启动testSendBackTask用例*****
2023-03-13 16:56:49,023 - root - INFO - *****启动DependData用例*****
2023-03-13 16:56:49,129 - root - INFO - get_request_key有点问题:test_taskForm_01
2023-03-13 16:56:49,170 - root - INFO - get_depend_response有点问题:test_taskForm_01
2023-03-13 16:56:49,794 - root - INFO - get_request_key有点问题:test_taskForm_00
2023-03-13 16:56:50,248 - root - INFO - *****启动testSubmitAssignTaskForm用例*****
2023-03-13 16:56:50,249 - root - INFO - *****启动DependData用例*****
2023-03-13 16:56:50,384 - root - INFO - get_request_key有点问题:test_taskForm_01
2023-03-13 16:56:50,421 - root - INFO - get_depend_response有点问题:test_taskForm_01
2023-03-13 16:56:50,976 - root - INFO - get_request_key有点问题:test_taskForm_00
2023-03-13 16:56:52,414 - root - INFO - get_depend_response有点问题:test_taskForm_08
2023-03-13 16:56:52,417 - root - INFO - *****启动testSubmitEvaluateTaskForm用例*****
2023-03-13 16:56:52,418 - root - INFO - *****启动DependData用例*****
2023-03-13 16:56:52,536 - root - INFO - get_request_key有点问题:test_taskForm_01
2023-03-13 16:56:52,586 - root - INFO - get_depend_response有点问题:test_taskForm_01
2023-03-13 16:56:52,902 - root - INFO - get_request_key有点问题:test_taskForm_00
2023-03-13 16:56:54,975 - root - INFO - get_depend_response有点问题:test_taskForm_09
2023-03-13 16:56:54,979 - root - INFO - *****启动testSubmitLogTaskForm用例*****
2023-03-13 16:56:54,979 - root - INFO - *****启动DependData用例*****
2023-03-13 16:56:55,082 - root - INFO - get_request_key有点问题:test_taskForm_01
2023-03-13 16:56:55,126 - root - INFO - get_depend_response有点问题:test_taskForm_01
2023-03-13 16:56:55,736 - root - INFO - get_request_key有点问题:test_taskForm_00
2023-03-13 16:56:57,712 - root - INFO - get_depend_response有点问题:test_taskForm_07
2023-03-13 16:56:57,715 - root - INFO - *****启动testSubmitProcessFeedback用例*****
2023-03-13 16:56:57,715 - root - INFO - *****启动DependData用例*****
2023-03-13 16:56:57,843 - root - INFO - get_request_key有点问题:test_taskForm_01
2023-03-13 16:56:57,883 - root - INFO - get_depend_response有点问题:test_taskForm_01
2023-03-13 16:56:58,472 - root - INFO - get_request_key有点问题:test_taskForm_00
2023-03-13 16:56:58,828 - root - INFO - *****启动testSubmitSendUser用例*****
2023-03-13 16:56:58,829 - root - INFO - *****启动DependData用例*****
2023-03-13 16:56:58,955 - root - INFO - get_request_key有点问题:test_taskForm_01
2023-03-13 16:56:58,993 - root - INFO - get_depend_response有点问题:test_taskForm_01
2023-03-13 16:56:59,600 - root - INFO - get_request_key有点问题:test_taskForm_00
2023-03-13 16:57:01,531 - root - INFO - get_depend_response有点问题:test_taskForm_11
