2023-02-21 10:17:45,292 - root - INFO - ********开始测试********
2023-02-21 10:17:45,930 - root - INFO - *****启动testAddTaskForm用例*****
2023-02-21 10:17:46,456 - root - INFO - test_taskForm_01:http://192.168.9.221:8086/taskForm/addTask
2023-02-21 10:17:46,470 - root - INFO - test_taskForm_01:ok
2023-02-21 10:17:46,471 - root - INFO - test_taskForm_01:200
2023-02-21 10:17:46,471 - root - INFO - 新增父工单成功!
2023-02-21 10:17:46,471 - root - INFO - *****启动testAddTaskForm用例*****
2023-02-21 10:17:53,015 - root - INFO - test_taskForm_02:http://192.168.9.221:8086/taskForm/addTask
2023-02-21 10:17:53,015 - root - INFO - test_taskForm_02:ok
2023-02-21 10:17:53,015 - root - INFO - test_taskForm_02:200
2023-02-21 10:17:53,017 - root - INFO - *****启动testAddTaskForm用例*****
2023-02-21 10:17:59,499 - root - INFO - test_taskForm_03:http://192.168.9.221:8086/taskForm/addTask
2023-02-21 10:17:59,499 - root - INFO - test_taskForm_03:ok
2023-02-21 10:17:59,499 - root - INFO - test_taskForm_03:200
2023-02-21 10:17:59,499 - root - INFO - *****启动testAddTaskForm用例*****
2023-02-21 10:18:06,092 - root - INFO - test_taskForm_04:http://192.168.9.221:8086/taskForm/addTask
2023-02-21 10:18:06,092 - root - INFO - test_taskForm_04:{"timestamp":"2023-02-21T02:18:06.377+0000","status":500,"error":"Internal Server Error","message":"Transaction rolled back because it has been marked as rollback-only","path":"/taskForm/addTask"}
2023-02-21 10:18:06,092 - root - INFO - test_taskForm_04:500
2023-02-21 10:18:06,092 - root - INFO - 必填项taskName长度超出255字符限制:测试成功
2023-02-21 10:18:06,092 - root - INFO - *****启动testAddChildTaskForm用例*****
2023-02-21 10:18:06,092 - root - INFO - *****启动DependData用例*****
2023-02-21 10:18:06,185 - root - INFO - get_request_key有点问题:test_taskForm_01
2023-02-21 10:18:06,220 - root - INFO - get_depend_response有点问题:test_taskForm_01
2023-02-21 10:18:06,812 - root - INFO - get_request_key有点问题:test_taskForm_00
2023-02-21 10:18:08,590 - root - INFO - get_depend_response有点问题:test_taskForm_05
2023-02-21 10:18:08,591 - root - INFO - *****启动testSearchTaskForm用例*****
2023-02-21 10:18:08,610 - root - INFO - {'programmeEnclosure': [], 'handlerCheckSpareData': [], 'handler': ['3771'], 'handlerInfo': [{'id': '3771', 'name': '成语'}], 'outerType': 1, 'taskName': '测试父工单07@#￥%', 'relateSystemId': '', 'project': {'id': '321576', 'projectId': '321576', 'projectName': '（研究）产品体系管理', 'userId': '3771', 'createDate': '2022-11-02 15:37:56', 'available': 'true', 'projectIdList': [], 'regionCode': '', 'fullRegions': []}, 'projectId': '321576', 'projectName': '（研究）产品体系管理', 'tags': [], 'taskType': 1, 'questionType': '', 'areaArr': [], 'feedbackPerson': '', 'handlerName': '成语', 'handlerId': '3771', 'startTime': '2022-11-04', 'endTime': '2022-11-04', 'priority': 3, 'predictTime': 8, 'taskIntergral': 0, 'description': '', 'fileName': '[]', 'filePath': '[]', 'schemeName': '[]', 'schemePath': '[]', 'isSupport': '0', 'product': '', 'skillType': '', 'skillScope': '', 'firstDeptId': '921', 'secondDeptId': '10641', 'disposeTypeArr': [], 'workTypeArr': [], 'complexcount': '', 'autolog': 'false', 'autoquestion': 'false', 'productZt': '', 'version': '', 'status': 3, 'questionPerson': '', 'questionPersonId': '', 'feedbackTelphone': '', 'serviceInfo': '', 'browser': '', 'actualTime': '', 'questionOption': '', 'questionOptions': '[]', 'productId': '', 'versionId': ''}
2023-02-21 10:18:08,610 - root - INFO - /taskForm/addTask
2023-02-21 10:18:09,059 - root - INFO - http://192.168.9.221:8086/taskForm/addTask?handler=3771&handlerInfo=id&handlerInfo=name&outerType=1&taskName=%E6%B5%8B%E8%AF%95%E7%88%B6%E5%B7%A5%E5%8D%9507%40%23%EF%BF%A5%25&relateSystemId=&project=id&project=projectId&project=projectName&project=userId&project=createDate&project=available&project=projectIdList&project=regionCode&project=fullRegions&projectId=321576&projectName=%EF%BC%88%E7%A0%94%E7%A9%B6%EF%BC%89%E4%BA%A7%E5%93%81%E4%BD%93%E7%B3%BB%E7%AE%A1%E7%90%86&taskType=1&questionType=&feedbackPerson=&handlerName=%E6%88%90%E8%AF%AD&handlerId=3771&startTime=2022-11-04&endTime=2022-11-04&priority=3&predictTime=8&taskIntergral=0&description=&fileName=%5B%5D&filePath=%5B%5D&schemeName=%5B%5D&schemePath=%5B%5D&isSupport=0&product=&skillType=&skillScope=&firstDeptId=921&secondDeptId=10641&complexcount=&autolog=false&autoquestion=false&productZt=&version=&status=3&questionPerson=&questionPersonId=&feedbackTelphone=&serviceInfo=&browser=&actualTime=&questionOption=&questionOptions=%5B%5D&productId=&versionId=
2023-02-21 10:18:09,059 - root - INFO - {"timestamp":"2023-02-21T02:18:09.345+0000","status":405,"error":"Method Not Allowed","message":"Request method 'GET' not supported","path":"/taskForm/addTask"}
2023-02-21 10:18:09,059 - root - INFO - <Response [405]>
2023-02-21 10:18:09,060 - root - INFO - 失败!
2023-02-21 10:18:09,060 - root - INFO - *****启动testSendBackTask用例*****
2023-02-21 10:18:09,060 - root - INFO - *****启动DependData用例*****
2023-02-21 10:18:09,170 - root - INFO - get_request_key有点问题:test_taskForm_01
2023-02-21 10:18:09,204 - root - INFO - get_depend_response有点问题:test_taskForm_01
2023-02-21 10:18:09,529 - root - INFO - get_request_key有点问题:test_taskForm_00
2023-02-21 10:18:11,281 - root - INFO - get_depend_response有点问题:test_taskForm_12
2023-02-21 10:18:11,282 - root - INFO - *****启动testSubmitAssignTaskForm用例*****
2023-02-21 10:18:11,282 - root - INFO - *****启动DependData用例*****
2023-02-21 10:18:11,401 - root - INFO - get_request_key有点问题:test_taskForm_01
2023-02-21 10:18:11,440 - root - INFO - get_depend_response有点问题:test_taskForm_01
2023-02-21 10:18:12,358 - root - INFO - get_request_key有点问题:test_taskForm_00
2023-02-21 10:18:14,179 - root - INFO - get_depend_response有点问题:test_taskForm_08
2023-02-21 10:18:14,180 - root - INFO - *****启动testSubmitEvaluateTaskForm用例*****
2023-02-21 10:18:14,180 - root - INFO - *****启动DependData用例*****
2023-02-21 10:18:14,317 - root - INFO - get_request_key有点问题:test_taskForm_01
2023-02-21 10:18:14,369 - root - INFO - get_depend_response有点问题:test_taskForm_01
2023-02-21 10:18:14,960 - root - INFO - get_request_key有点问题:test_taskForm_00
2023-02-21 10:18:16,654 - root - INFO - get_depend_response有点问题:test_taskForm_09
2023-02-21 10:18:16,655 - root - INFO - *****启动testSubmitLogTaskForm用例*****
2023-02-21 10:18:16,655 - root - INFO - *****启动DependData用例*****
2023-02-21 10:18:16,765 - root - INFO - get_request_key有点问题:test_taskForm_01
2023-02-21 10:18:16,801 - root - INFO - get_depend_response有点问题:test_taskForm_01
2023-02-21 10:18:17,422 - root - INFO - get_request_key有点问题:test_taskForm_00
2023-02-21 10:18:20,819 - root - INFO - get_depend_response有点问题:test_taskForm_07
2023-02-21 10:18:20,819 - root - INFO - *****启动testSubmitProcessFeedback用例*****
2023-02-21 10:18:20,820 - root - INFO - *****启动DependData用例*****
2023-02-21 10:18:20,932 - root - INFO - get_request_key有点问题:test_taskForm_01
2023-02-21 10:18:20,972 - root - INFO - get_depend_response有点问题:test_taskForm_01
2023-02-21 10:18:21,534 - root - INFO - get_request_key有点问题:test_taskForm_00
2023-02-21 10:18:23,290 - root - INFO - get_depend_response有点问题:test_taskForm_10
2023-02-21 10:18:23,291 - root - INFO - *****启动testSubmitSendUser用例*****
2023-02-21 10:18:23,291 - root - INFO - *****启动DependData用例*****
2023-02-21 10:18:23,379 - root - INFO - get_request_key有点问题:test_taskForm_01
2023-02-21 10:18:23,414 - root - INFO - get_depend_response有点问题:test_taskForm_01
2023-02-21 10:18:23,963 - root - INFO - get_request_key有点问题:test_taskForm_00
2023-02-21 10:18:25,397 - root - INFO - get_depend_response有点问题:test_taskForm_11
2023-02-21 10:18:25,398 - root - INFO - *****启动testSaveEditTaskForm用例*****
2023-02-21 10:18:25,398 - root - INFO - *****启动DependData用例*****
2023-02-21 10:18:25,485 - root - INFO - get_request_key有点问题:test_taskForm_01
2023-02-21 10:18:25,520 - root - INFO - get_depend_response有点问题:test_taskForm_01
2023-02-21 10:18:26,078 - root - INFO - get_request_key有点问题:test_taskForm_000
2023-02-21 10:18:27,911 - root - INFO - get_depend_response有点问题:test_taskForm_06
2023-02-21 10:18:27,912 - root - INFO - *****启动testAddTask用例*****
2023-02-21 10:18:27,933 - root - INFO - {'productId': 'fa5ca175-6d42-449f-8073-b9361a2e493c', 'versionId': 'b3f7c0eb-f8a0-456c-9836-e75a9ce04879', 'taskName': 'test测试任务we', 'number': '130', 'requireId': '', 'requires': [], 'project': {'id': '9675', 'projectName': '绩效考核系统'}, 'projectId': '9675', 'projectName': '绩效考核系统', 'tags': [], 'inputVisible': 'false', 'inputValue': '', 'taskType': 3, 'handlerId': '3771', 'persons': [], 'moduleId': '', 'moduleName': '', 'modules': [], 'startTime': '2023-02-01', 'endTime': '2023-02-16', 'priority': 3, 'taskIntergral': 0, 'complexCount': '', 'complexWeight': 40, 'urgencyCount': '', 'urgencyWeight': 30, 'innovateCount': '', 'innovateWeight': 30, 'levels': [{'value': 1, 'label': '紧急'}, {'value': 2, 'label': '高'}, {'value': 3, 'label': '中'}, {'value': 4, 'label': '低'}], 'predictTime': '12', 'description': '<p>二七王二驱蚊器</p>', 'fileName': '["1.docx"]', 'filePath': '["/yftx/task/1dea0d26-844a-4a8d-b65c-28f54549c31f.docx"]'}
2023-02-21 10:18:27,933 - root - INFO - /task/addTask
2023-02-21 10:18:28,746 - root - INFO - http://192.168.9.221:8086/task/addTask
2023-02-21 10:18:28,746 - root - INFO - yes
2023-02-21 10:18:28,747 - root - INFO - <Response [200]>
2023-02-21 10:18:28,747 - root - INFO - 新增成功!
2023-02-21 10:18:28,747 - root - INFO - *****启动testAddRequire用例*****
2023-02-21 10:18:28,876 - root - INFO - <Response [200]>
2023-02-21 10:18:28,877 - root - INFO - 新增成功!
2023-02-21 10:18:28,877 - root - INFO - *****启动testDelayRequire用例*****
2023-02-21 10:18:29,054 - root - INFO - <Response [200]>
2023-02-21 10:18:29,055 - root - INFO - 延期成功!
2023-02-21 10:18:29,057 - root - INFO - *********测试结束*********
2023-02-21 10:18:29,435 - root - INFO - The test report has send to developer by email.
2023-02-21 10:18:29,436 - root - INFO - 已发送邮件
